Base path: D:/Work/Unity4.5/Editor/Data
Pipe name: \\.\pipe\UnityShaderCompiler-6-616
Cmd: getPlatforms
Cmd: compileSnippet
  api=1 type=0 insize=1975 outsize=366 kw= ok=1
Cmd: compileSnippet
  api=8 type=0 insize=5459 outsize=2259 kw= ok=1
Cmd: compileSnippet
  api=1 type=0 insize=5463 outsize=244 kw= ok=1
Cmd: compileSnippet
  api=0 type=0 insize=5464 outsize=463 kw= ok=1
Cmd: compileSnippet
  api=0 type=0 insize=5468 outsize=708 kw= ok=1
Cmd: compileSnippet
  api=0 type=0 insize=5470 outsize=708 kw= ok=1
Cmd: compileSnippet
  api=0 type=0 insize=5703 outsize=452 kw= ok=1
Cmd: compileSnippet
  api=0 type=1 insize=5699 outsize=6 kw= ok=1
Cmd: compileSnippet
  api=0 type=1 insize=5699 outsize=6 kw= ok=1
Cmd: compileSnippet
  api=0 type=1 insize=5701 outsize=6 kw= ok=1
Cmd: compileSnippet
  api=0 type=1 insize=884 outsize=338 kw= ok=1
Unhandled exception: Readfile from pipe failed. GLE=Канал был закрыт.


Quitting shader compiler process
