Base path: D:/Work/Unity4.5/Editor/Data
Pipe name: \\.\pipe\UnityShaderCompiler-2-4532
Cmd: getPlatforms
Cmd: compileSnippet
  api=1 type=0 insize=1138 outsize=132 kw= ok=1
Cmd: compileSnippet
  api=1 type=1 insize=1975 outsize=1067 kw= ok=1
Cmd: compileSnippet
  api=1 type=0 insize=5451 outsize=335 kw= ok=1
Cmd: compileSnippet
  api=0 type=0 insize=5459 outsize=555 kw= ok=1
Cmd: compileSnippet
  api=0 type=1 insize=5463 outsize=942 kw= ok=1
Cmd: compileSnippet
  api=8 type=1 insize=5468 outsize=2885 kw= ok=1
Cmd: compileSnippet
  api=1 type=1 insize=5470 outsize=662 kw= ok=1
Cmd: compileSnippet
  api=1 type=1 insize=5703 outsize=149 kw= ok=1
Cmd: compileSnippet
  api=1 type=1 insize=5697 outsize=2890 kw= ok=1
Cmd: compileSnippet
  api=1 type=1 insize=5699 outsize=4331 kw= ok=1
Cmd: compileSnippet
  api=1 type=1 insize=5699 outsize=4351 kw= ok=1
Cmd: compileSnippet
  api=0 type=0 insize=884 outsize=328 kw= ok=1
Unhandled exception: Readfile from pipe failed. GLE=Канал был закрыт.


Quitting shader compiler process
