Base path: D:/Work/Unity4.5/Editor/Data
Pipe name: \\.\pipe\UnityShaderCompiler-5-4920
Cmd: getPlatforms
Cmd: compileSnippet
  api=8 type=1 insize=1138 outsize=2462 kw= ok=1
Cmd: compileSnippet
  api=0 type=0 insize=1975 outsize=412 kw= ok=1
Cmd: compileSnippet
  api=8 type=0 insize=5451 outsize=1958 kw= ok=1
Cmd: compileSnippet
  api=1 type=0 insize=5459 outsize=302 kw= ok=1
Cmd: compileSnippet
  api=8 type=1 insize=5459 outsize=2235 kw= ok=1
Cmd: compileSnippet
  api=8 type=0 insize=5464 outsize=2088 kw= ok=1
Cmd: compileSnippet
  api=8 type=1 insize=5464 outsize=2755 kw= ok=1
Cmd: compileSnippet
  api=8 type=0 insize=5470 outsize=2625 kw= ok=1
Cmd: compileSnippet
  api=8 type=1 insize=5470 outsize=2885 kw= ok=1
Cmd: compileSnippet
  api=0 type=1 insize=5696 outsize=6 kw= ok=1
Cmd: compileSnippet
  api=1 type=0 insize=5699 outsize=318 kw= ok=1
Unhandled exception: Readfile from pipe failed. GLE=Канал был закрыт.


Quitting shader compiler process
